<?xml version="1.0" encoding="UTF-8"?>
<!-- Generated by org.testng.reporters.JUnitReportReporter -->
<testsuite skipped="0" hostname="Bobs-MBP.fios-router.home" name="com.qa.tests.ProductTests" tests="1" failures="0" timestamp="2020-06-22T23:39:44 EDT" time="20.297" errors="0">
  <testcase name="validateProductOnProductDetailsPage" time="20.297" classname="com.qa.tests.ProductTests"/>
  <system-out/>
</testsuite> <!-- com.qa.tests.ProductTests -->
