<?xml version="1.0" encoding="UTF-8"?>
<!-- Generated by org.testng.reporters.JUnitReportReporter -->
<testsuite skipped="0" hostname="Bobs-MBP.fios-router.home" name="com.qa.tests.ProductTests" tests="2" failures="0" timestamp="2020-06-22T11:22:15 EDT" time="27.026" errors="0">
  <testcase name="validateProductOnProductDetailsPage" time="14.975" classname="com.qa.tests.ProductTests"/>
  <system-out/>
  <testcase name="validateProductOnProductPage" time="12.051" classname="com.qa.tests.ProductTests"/>
  <system-out/>
</testsuite> <!-- com.qa.tests.ProductTests -->
