<?xml version="1.0" encoding="UTF-8"?>
<!-- Generated by org.testng.reporters.JUnitReportReporter -->
<testsuite skipped="0" hostname="Bobs-MBP.fios-router.home" name="com.qa.tests.ProductTests" tests="4" failures="0" timestamp="2020-06-24T21:12:58 EDT" time="73.216" errors="0">
  <testcase name="validateProductOnProductDetailsPage" time="23.617" classname="com.qa.tests.ProductTests"/>
  <system-out/>
  <testcase name="validateProductOnProductDetailsPage" time="17.478" classname="com.qa.tests.ProductTests"/>
  <system-out/>
  <testcase name="validateProductOnProductPage" time="19.654" classname="com.qa.tests.ProductTests"/>
  <system-out/>
  <testcase name="validateProductOnProductPage" time="12.467" classname="com.qa.tests.ProductTests"/>
  <system-out/>
</testsuite> <!-- com.qa.tests.ProductTests -->
