<?xml version="1.0" encoding="UTF-8"?>
<!-- Generated by org.testng.reporters.JUnitReportReporter -->
<testsuite skipped="0" hostname="Bobs-MBP.fios-router.home" name="com.qa.tests.LoginTests" tests="6" failures="0" timestamp="2020-06-24T21:12:58 EDT" time="63.923" errors="0">
  <testcase name="invalidPassword" time="11.348" classname="com.qa.tests.LoginTests"/>
  <system-out/>
  <testcase name="succesfullLogin" time="13.649" classname="com.qa.tests.LoginTests"/>
  <system-out/>
  <testcase name="succesfullLogin" time="9.510" classname="com.qa.tests.LoginTests"/>
  <system-out/>
  <testcase name="invalidPassword" time="8.216" classname="com.qa.tests.LoginTests"/>
  <system-out/>
  <testcase name="invalidUserName" time="7.498" classname="com.qa.tests.LoginTests"/>
  <system-out/>
  <testcase name="invalidUserName" time="13.702" classname="com.qa.tests.LoginTests"/>
  <system-out/>
</testsuite> <!-- com.qa.tests.LoginTests -->
