<?xml version="1.0" encoding="UTF-8"?>
<!-- Generated by org.testng.reporters.JUnitReportReporter -->
<testsuite skipped="0" hostname="Bobs-MBP.fios-router.home" name="com.qa.tests.LoginTests" tests="3" failures="0" timestamp="2020-06-22T11:22:15 EDT" time="18.769" errors="0">
  <testcase name="succesfullLogin" time="6.632" classname="com.qa.tests.LoginTests"/>
  <system-out/>
  <testcase name="invalidUserName" time="5.351" classname="com.qa.tests.LoginTests"/>
  <system-out/>
  <testcase name="invalidPassword" time="6.786" classname="com.qa.tests.LoginTests"/>
  <system-out/>
</testsuite> <!-- com.qa.tests.LoginTests -->
