<?xml version="1.0" encoding="UTF-8"?>
<!-- Generated by org.testng.reporters.JUnitReportReporter -->
<testsuite skipped="0" hostname="Bobs-MBP.fios-router.home" name="com.qa.tests.LoginTests" tests="3" failures="0" timestamp="2020-06-23T13:37:53 EDT" time="25.875" errors="0">
  <testcase name="invalidUserName" time="8.128" classname="com.qa.tests.LoginTests"/>
  <system-out/>
  <testcase name="invalidPassword" time="8.626" classname="com.qa.tests.LoginTests"/>
  <system-out/>
  <testcase name="succesfullLogin" time="9.121" classname="com.qa.tests.LoginTests"/>
  <system-out/>
</testsuite> <!-- com.qa.tests.LoginTests -->
